2021-06-19 10:33:33 [httpLog] {"method":"GET","url":"/","data":{},"startTime":"2021-06-19 10:33:33","endTime":"2021-06-19 10:33:33","timeLength":1}
2021-06-19 10:33:33 [httpLog] {"method":"GET","url":"/curl/get","data":{},"startTime":"2021-06-19 10:33:33","endTime":"2021-06-19 10:33:33","timeLength":19}
2021-06-19 10:34:10 [httpLog] {"method":"GET","url":"/","data":{},"startTime":"2021-06-19 10:34:10","endTime":"2021-06-19 10:34:10","timeLength":0}
2021-06-19 10:34:10 [httpLog] {"method":"GET","url":"/curl/get","data":{},"startTime":"2021-06-19 10:34:10","endTime":"2021-06-19 10:34:10","timeLength":5}
2021-06-19 10:34:11 [httpLog] {"method":"GET","url":"/","data":{},"startTime":"2021-06-19 10:34:11","endTime":"2021-06-19 10:34:11","timeLength":0}
2021-06-19 10:34:11 [httpLog] {"method":"GET","url":"/curl/get","data":{},"startTime":"2021-06-19 10:34:11","endTime":"2021-06-19 10:34:11","timeLength":3}
2021-06-19 10:41:26 [httpLog] {"method":"GET","url":"/newApp","data":{},"startTime":"2021-06-19 10:41:26","endTime":"2021-06-19 10:41:26","timeLength":3}
2021-06-19 10:43:11 [httpLog] {"method":"GET","url":"/newApp","data":{},"startTime":"2021-06-19 10:43:11","endTime":"2021-06-19 10:43:11","timeLength":4}
2021-06-19 10:43:30 [httpLog] {"method":"GET","url":"/newApp","data":{},"startTime":"2021-06-19 10:43:30","endTime":"2021-06-19 10:43:30","timeLength":4}
2021-06-19 10:46:27 [httpLog] {"method":"GET","url":"/newApp","data":{},"startTime":"2021-06-19 10:46:27","endTime":"2021-06-19 10:46:27","timeLength":6}
2021-06-19 10:46:40 [httpLog] {"method":"GET","url":"/newApp","data":{},"startTime":"2021-06-19 10:46:40","endTime":"2021-06-19 10:46:40","timeLength":5}
2021-06-19 10:51:17 [httpLog] {"method":"GET","url":"/newApp","data":{},"startTime":"2021-06-19 10:51:17","endTime":"2021-06-19 10:51:17","timeLength":5}
2021-06-19 10:51:33 [httpLog] {"method":"GET","url":"/newContext","data":{},"startTime":"2021-06-19 10:51:33","endTime":"2021-06-19 10:51:33","timeLength":3}
2021-06-19 10:52:09 [httpLog] {"method":"GET","url":"/newContext?id=100","data":{},"startTime":"2021-06-19 10:52:09","endTime":"2021-06-19 10:52:09","timeLength":1}
2021-06-19 10:56:49 [httpLog] {"method":"GET","url":"/newContext?id=100","data":{},"startTime":"2021-06-19 10:56:49","endTime":"2021-06-19 10:56:49","timeLength":5}
2021-06-19 10:56:55 [httpLog] {"method":"GET","url":"/newContext?id=100","data":{},"startTime":"2021-06-19 10:56:55","endTime":"2021-06-19 10:56:55","timeLength":0}
2021-06-19 10:57:30 [httpLog] {"method":"GET","url":"/newContext?id=100","data":{},"startTime":"2021-06-19 10:57:30","endTime":"2021-06-19 10:57:30","timeLength":5}
2021-06-19 11:38:12 [httpLog] {"method":"GET","url":"/newContext?id=100","data":{},"startTime":"2021-06-19 11:38:12","endTime":"2021-06-19 11:38:12","timeLength":5}
2021-06-19 02:53:39 [httpLog] {"method":"GET","url":"/user/lists","data":{},"startTime":"2021-06-19 02:53:39","endTime":"2021-06-19 02:53:39","timeLength":5}
2021-06-19 03:13:14 [httpLog] {"method":"GET","url":"/user/lists","data":{},"startTime":"2021-06-19 03:13:14","endTime":"2021-06-19 03:13:14","timeLength":8}
2021-06-19 03:13:14 [httpLog] {"method":"GET","url":"/user/lists","data":{},"startTime":"2021-06-19 03:13:14","endTime":"2021-06-19 03:13:14","timeLength":1}
2021-06-19 03:13:15 [httpLog] {"method":"GET","url":"/user/lists","data":{},"startTime":"2021-06-19 03:13:15","endTime":"2021-06-19 03:13:15","timeLength":2}
2021-06-19 03:13:33 [httpLog] {"method":"GET","url":"/user/lists","data":{},"startTime":"2021-06-19 03:13:33","endTime":"2021-06-19 03:13:33","timeLength":6}
2021-06-19 03:15:01 [httpLog] {"method":"GET","url":"/user/lists","data":{},"startTime":"2021-06-19 03:15:01","endTime":"2021-06-19 03:15:01","timeLength":9}
2021-06-19 11:32:31 [httpLog] {"method":"POST","url":"/api/user/register","data":{"username":"1","password":"2"},"startTime":"2021-06-19 11:32:31","endTime":"2021-06-19 11:32:31","timeLength":22}
2021-06-19 11:34:50 [httpLog] {"method":"POST","url":"/api/user/register","data":{"username":"1","password":"2"},"startTime":"2021-06-19 11:34:50","endTime":"2021-06-19 11:34:50","timeLength":11}
2021-06-19 11:43:32 [httpLog] {"method":"POST","url":"/api/user/register","data":{"username":"2","password":"2"},"startTime":"2021-06-19 11:43:32","endTime":"2021-06-19 11:43:32","timeLength":9}
2021-06-19 11:43:37 [httpLog] {"method":"POST","url":"/api/user/register","data":{"username":"3","password":"2"},"startTime":"2021-06-19 11:43:37","endTime":"2021-06-19 11:43:37","timeLength":10}
2021-06-19 11:52:00 [httpLog] {"method":"GET","url":"/api/user/login","data":{"username":"1","password":"2"},"startTime":"2021-06-19 11:52:00","endTime":"2021-06-19 11:52:00","timeLength":1}
2021-06-19 11:52:14 [httpLog] {"method":"POST","url":"/api/user/login","data":{"username":"1","password":"2"},"startTime":"2021-06-19 11:52:14","endTime":"2021-06-19 11:52:14","timeLength":9}
2021-06-19 11:53:34 [httpLog] {"method":"POST","url":"/api/user/login","data":{"username":"1","password":"2"},"startTime":"2021-06-19 11:53:33","endTime":"2021-06-19 11:53:34","timeLength":11}
2021-06-20 12:01:42 [httpLog] {"method":"POST","url":"/api/user/login","data":{"username":"1","password":"2"},"startTime":"2021-06-20 12:01:42","endTime":"2021-06-20 12:01:42","timeLength":15}
2021-06-20 12:04:41 [httpLog] {"method":"POST","url":"/api/user/register","data":{"username":"3","password":"2"},"startTime":"2021-06-20 12:04:41","endTime":"2021-06-20 12:04:41","timeLength":11}
2021-06-20 12:04:45 [httpLog] {"method":"POST","url":"/api/user/register","data":{"username":"4","password":"2"},"startTime":"2021-06-20 12:04:45","endTime":"2021-06-20 12:04:45","timeLength":14}
2021-06-20 12:04:55 [httpLog] {"method":"POST","url":"/api/user/login","data":{"username":"4","password":"2"},"startTime":"2021-06-20 12:04:55","endTime":"2021-06-20 12:04:55","timeLength":3}
2021-06-20 12:21:03 [httpLog] {"method":"POST","url":"/api/user/login","data":{"username":"4","password":"2"},"startTime":"2021-06-20 12:21:03","endTime":"2021-06-20 12:21:03","timeLength":15}
2021-06-20 12:21:16 [httpLog] {"method":"GET","url":"/api/user/detail","data":{},"startTime":"2021-06-20 12:21:16","endTime":"2021-06-20 12:21:16","timeLength":0}
2021-06-20 12:21:40 [httpLog] {"method":"GET","url":"/api/user/detail","data":{},"startTime":"2021-06-20 12:21:40","endTime":"2021-06-20 12:21:40","timeLength":11}
2021-06-20 12:22:00 [httpLog] {"method":"POST","url":"/api/user/login","data":{"username":"4","password":"2"},"startTime":"2021-06-20 12:22:00","endTime":"2021-06-20 12:22:00","timeLength":9}
2021-06-20 12:22:08 [httpLog] {"method":"GET","url":"/api/user/detail","data":{},"startTime":"2021-06-20 12:22:08","endTime":"2021-06-20 12:22:08","timeLength":2}
